2024-11-01 12:00:00 INFO User logged in
2024-11-01 12:05:00 ERROR Failed login attempt
2024-11-01 12:10:00 INFO User logged out
2024-11-01 12:20:00 INFO User logged in
2024-11-01 12:35:00 WARNING Suspicious activity detected
2024-11-01 12:45:00 INFO User changed password
2024-11-01 12:50:00 ERROR Server connection lost
2024-11-01 13:00:00 INFO User logged in
2024-11-01 13:10:00 WARNING Possible brute-force attempt
2024-11-01 13:15:00 INFO User logged out
2024-11-01 13:25:00 ERROR Database write failure
2024-11-01 13:30:00 INFO User logged in
2024-11-01 13:45:00 INFO User accessed secure area
2024-11-01 14:00:00 WARNING Unusual location detected
2024-11-01 14:10:00 INFO User logged out
2024-11-01 14:20:00 INFO User logged in
2024-11-01 14:35:00 ERROR Failed login attempt
2024-11-01 14:40:00 INFO User logged in
2024-11-01 15:00:00 WARNING Multiple failed logins detected
2024-11-01 15:05:00 INFO User logged out
2024-11-01 15:20:00 INFO User logged in
2024-11-01 15:30:00 ERROR File access denied
2024-11-01 15:40:00 INFO User uploaded document
2024-11-01 16:00:00 WARNING High memory usage detected
2024-11-01 16:10:00 INFO User logged out
2024-11-01 16:30:00 INFO User logged in
2024-11-01 16:45:00 ERROR Disk read failure
2024-11-01 17:00:00 INFO User logged in
2024-11-01 17:10:00 WARNING Potential malware detected
2024-11-01 17:20:00 INFO User updated settings
2024-11-01 17:30:00 ERROR Network timeout
2024-11-01 17:40:00 INFO User logged out
2024-11-01 17:50:00 INFO User logged in
2024-11-01 18:00:00 INFO User downloaded report
2024-11-01 18:15:00 WARNING Unauthorized access attempt
2024-11-01 18:20:00 INFO User logged out
2024-11-01 18:30:00 INFO User logged in
2024-11-01 18:45:00 ERROR API request failed
2024-11-01 19:00:00 INFO User logged in
2024-11-01 19:10:00 WARNING System resources low
2024-11-01 19:15:00 INFO User logged out
2024-11-01 19:30:00 INFO User logged in
2024-11-01 19:45:00 ERROR Security token expired
2024-11-01 20:00:00 INFO User logged out